<?xml version="1.0" encoding="UTF-8"?>
<!-- Generated by org.testng.reporters.JUnitReportReporter -->
<testsuite hostname="LAPTOP-56R4G7HS" failures="0" tests="1" name="ScreenShotTest" time="31.695" errors="0" timestamp="01 Feb 2022 15:57:33 GMT" skipped="0">
  <testcase classname="ScreenShotTest" name="testCase1" time="31.695"/>
</testsuite> <!-- ScreenShotTest -->
